This file contains any messages produced by compilers while
running configure, to aid debugging if configure makes a mistake.

It was created by configure, which was
generated by GNU Autoconf 2.68.  Invocation command line was

  $ ./configure 

## --------- ##
## Platform. ##
## --------- ##

hostname = Ladis-Desktop
uname -m = x86_64
uname -r = 3.8.0-30-generic
uname -s = Linux
uname -v = #44~precise1-Ubuntu SMP Fri Aug 23 18:32:41 UTC 2013

/usr/bin/uname -p = unknown
/bin/uname -X     = unknown

/bin/arch              = unknown
/usr/bin/arch -k       = unknown
/usr/convex/getsysinfo = unknown
/usr/bin/hostinfo      = unknown
/bin/machine           = unknown
/usr/bin/oslevel       = unknown
/bin/universe          = unknown

PATH: /usr/lib/lightdm/lightdm
PATH: /usr/local/sbin
PATH: /usr/local/bin
PATH: /usr/sbin
PATH: /usr/bin
PATH: /sbin
PATH: /bin
PATH: /usr/games


## ----------- ##
## Core tests. ##
## ----------- ##

configure:2407: checking build system type
configure:2421: result: x86_64-unknown-linux-gnu
configure:2441: checking host system type
configure:2454: result: x86_64-unknown-linux-gnu
configure:2522: checking for gcc
configure:2538: found /usr/bin/gcc
configure:2549: result: gcc
configure:2778: checking for C compiler version
configure:2787: gcc --version >&5
gcc (Ubuntu/Linaro 4.6.3-1ubuntu5) 4.6.3
Copyright (C) 2011 Free Software Foundation, Inc.
This is free software; see the source for copying conditions.  There is NO
warranty; not even for MERCHANTABILITY or FITNESS FOR A PARTICULAR PURPOSE.

configure:2798: $? = 0
configure:2787: gcc -v >&5
Using built-in specs.
COLLECT_GCC=gcc
COLLECT_LTO_WRAPPER=/usr/lib/gcc/x86_64-linux-gnu/4.6/lto-wrapper
Target: x86_64-linux-gnu
Configured with: ../src/configure -v --with-pkgversion='Ubuntu/Linaro 4.6.3-1ubuntu5' --with-bugurl=file:///usr/share/doc/gcc-4.6/README.Bugs --enable-languages=c,c++,fortran,objc,obj-c++ --prefix=/usr --program-suffix=-4.6 --enable-shared --enable-linker-build-id --with-system-zlib --libexecdir=/usr/lib --without-included-gettext --enable-threads=posix --with-gxx-include-dir=/usr/include/c++/4.6 --libdir=/usr/lib --enable-nls --with-sysroot=/ --enable-clocale=gnu --enable-libstdcxx-debug --enable-libstdcxx-time=yes --enable-gnu-unique-object --enable-plugin --enable-objc-gc --disable-werror --with-arch-32=i686 --with-tune=generic --enable-checking=release --build=x86_64-linux-gnu --host=x86_64-linux-gnu --target=x86_64-linux-gnu
Thread model: posix
gcc version 4.6.3 (Ubuntu/Linaro 4.6.3-1ubuntu5) 
configure:2798: $? = 0
configure:2787: gcc -V >&5
gcc: error: unrecognized option '-V'
gcc: fatal error: no input files
compilation terminated.
configure:2798: $? = 4
configure:2787: gcc -qversion >&5
gcc: error: unrecognized option '-qversion'
gcc: fatal error: no input files
compilation terminated.
configure:2798: $? = 4
configure:2818: checking whether the C compiler works
configure:2840: gcc    conftest.c  >&5
configure:2844: $? = 0
configure:2892: result: yes
configure:2895: checking for C compiler default output file name
configure:2897: result: a.out
configure:2903: checking for suffix of executables
configure:2910: gcc -o conftest    conftest.c  >&5
configure:2914: $? = 0
configure:2936: result: 
configure:2958: checking whether we are cross compiling
configure:2966: gcc -o conftest    conftest.c  >&5
configure:2970: $? = 0
configure:2977: ./conftest
configure:2981: $? = 0
configure:2996: result: no
configure:3001: checking for suffix of object files
configure:3023: gcc -c   conftest.c >&5
configure:3027: $? = 0
configure:3048: result: o
configure:3052: checking whether we are using the GNU C compiler
configure:3071: gcc -c   conftest.c >&5
configure:3071: $? = 0
configure:3080: result: yes
configure:3089: checking whether gcc accepts -g
configure:3109: gcc -c -g  conftest.c >&5
configure:3109: $? = 0
configure:3150: result: yes
configure:3167: checking for gcc option to accept ISO C89
configure:3231: gcc  -c -g -O2  conftest.c >&5
configure:3231: $? = 0
configure:3244: result: none needed
configure:3264: checking for a sed that does not truncate output
configure:3328: result: /bin/sed
configure:3346: checking for grep that handles long lines and -e
configure:3404: result: /bin/grep
configure:3409: checking for egrep
configure:3471: result: /bin/grep -E
configure:3476: checking for fgrep
configure:3538: result: /bin/grep -F
configure:3573: checking for ld used by gcc
configure:3640: result: /usr/bin/ld
configure:3647: checking if the linker (/usr/bin/ld) is GNU ld
configure:3662: result: yes
configure:3674: checking for BSD- or MS-compatible name lister (nm)
configure:3723: result: /usr/bin/nm -B
configure:3841: checking the name lister (/usr/bin/nm -B) interface
configure:3848: gcc -c -g -O2  conftest.c >&5
configure:3851: /usr/bin/nm -B "conftest.o"
configure:3854: output
0000000000000000 B some_variable
configure:3861: result: BSD nm
configure:3864: checking whether ln -s works
configure:3868: result: yes
configure:3876: checking the maximum length of command line arguments
configure:4002: result: 1572864
configure:4019: checking whether the shell understands some XSI constructs
configure:4029: result: yes
configure:4033: checking whether the shell understands "+="
configure:4039: result: yes
configure:4074: checking for /usr/bin/ld option to reload object files
configure:4081: result: -r
configure:4150: checking for objdump
configure:4166: found /usr/bin/objdump
configure:4177: result: objdump
configure:4206: checking how to recognize dependent libraries
configure:4404: result: pass_all
configure:4464: checking for ar
configure:4480: found /usr/bin/ar
configure:4491: result: ar
configure:4569: checking for strip
configure:4585: found /usr/bin/strip
configure:4596: result: strip
configure:4668: checking for ranlib
configure:4684: found /usr/bin/ranlib
configure:4695: result: ranlib
configure:4785: checking command to parse /usr/bin/nm -B output from gcc object
configure:4903: gcc -c -g -O2  conftest.c >&5
configure:4906: $? = 0
configure:4910: /usr/bin/nm -B conftest.o \| sed -n -e 's/^.*[	 ]\([ABCDGIRSTW][ABCDGIRSTW]*\)[	 ][	 ]*\([_A-Za-z][_A-Za-z0-9]*\)$/\1 \2 \2/p' \> conftest.nm
configure:4913: $? = 0
configure:4967: gcc -o conftest -g -O2   conftest.c conftstm.o >&5
configure:4970: $? = 0
configure:5008: result: ok
configure:5104: gcc -c -g -O2  conftest.c >&5
configure:5107: $? = 0
configure:5817: checking how to run the C preprocessor
configure:5848: gcc -E  conftest.c
configure:5848: $? = 0
configure:5862: gcc -E  conftest.c
conftest.c:9:28: fatal error: ac_nonexistent.h: No such file or directory
compilation terminated.
configure:5862: $? = 1
configure: failed program was:
| /* confdefs.h */
| #define PACKAGE_NAME ""
| #define PACKAGE_TARNAME ""
| #define PACKAGE_VERSION ""
| #define PACKAGE_STRING ""
| #define PACKAGE_BUGREPORT ""
| #define PACKAGE_URL ""
| /* end confdefs.h.  */
| #include <ac_nonexistent.h>
configure:5887: result: gcc -E
configure:5907: gcc -E  conftest.c
configure:5907: $? = 0
configure:5921: gcc -E  conftest.c
conftest.c:9:28: fatal error: ac_nonexistent.h: No such file or directory
compilation terminated.
configure:5921: $? = 1
configure: failed program was:
| /* confdefs.h */
| #define PACKAGE_NAME ""
| #define PACKAGE_TARNAME ""
| #define PACKAGE_VERSION ""
| #define PACKAGE_STRING ""
| #define PACKAGE_BUGREPORT ""
| #define PACKAGE_URL ""
| /* end confdefs.h.  */
| #include <ac_nonexistent.h>
configure:5950: checking for ANSI C header files
configure:5970: gcc -c -g -O2  conftest.c >&5
configure:5970: $? = 0
configure:6043: gcc -o conftest -g -O2   conftest.c  >&5
configure:6043: $? = 0
configure:6043: ./conftest
configure:6043: $? = 0
configure:6054: result: yes
configure:6067: checking for sys/types.h
configure:6067: gcc -c -g -O2  conftest.c >&5
configure:6067: $? = 0
configure:6067: result: yes
configure:6067: checking for sys/stat.h
configure:6067: gcc -c -g -O2  conftest.c >&5
configure:6067: $? = 0
configure:6067: result: yes
configure:6067: checking for stdlib.h
configure:6067: gcc -c -g -O2  conftest.c >&5
configure:6067: $? = 0
configure:6067: result: yes
configure:6067: checking for string.h
configure:6067: gcc -c -g -O2  conftest.c >&5
configure:6067: $? = 0
configure:6067: result: yes
configure:6067: checking for memory.h
configure:6067: gcc -c -g -O2  conftest.c >&5
configure:6067: $? = 0
configure:6067: result: yes
configure:6067: checking for strings.h
configure:6067: gcc -c -g -O2  conftest.c >&5
configure:6067: $? = 0
configure:6067: result: yes
configure:6067: checking for inttypes.h
configure:6067: gcc -c -g -O2  conftest.c >&5
configure:6067: $? = 0
configure:6067: result: yes
configure:6067: checking for stdint.h
configure:6067: gcc -c -g -O2  conftest.c >&5
configure:6067: $? = 0
configure:6067: result: yes
configure:6067: checking for unistd.h
configure:6067: gcc -c -g -O2  conftest.c >&5
configure:6067: $? = 0
configure:6067: result: yes
configure:6081: checking for dlfcn.h
configure:6081: gcc -c -g -O2  conftest.c >&5
configure:6081: $? = 0
configure:6081: result: yes
configure:6563: checking for objdir
configure:6578: result: .libs
configure:6874: checking if gcc supports -fno-rtti -fno-exceptions
configure:6892: gcc -c -g -O2  -fno-rtti -fno-exceptions conftest.c >&5
cc1: warning: command line option '-fno-rtti' is valid for C++/ObjC++ but not for C [enabled by default]
configure:6896: $? = 0
configure:6909: result: no
configure:6929: checking for gcc option to produce PIC
configure:7201: result: -fPIC -DPIC
configure:7213: checking if gcc PIC flag -fPIC -DPIC works
configure:7231: gcc -c -g -O2  -fPIC -DPIC -DPIC conftest.c >&5
configure:7235: $? = 0
configure:7248: result: yes
configure:7272: checking if gcc static flag -static works
configure:7300: result: yes
configure:7315: checking if gcc supports -c -o file.o
configure:7336: gcc -c -g -O2  -o out/conftest2.o conftest.c >&5
configure:7340: $? = 0
configure:7362: result: yes
configure:7370: checking if gcc supports -c -o file.o
configure:7417: result: yes
configure:7450: checking whether the gcc linker (/usr/bin/ld -m elf_x86_64) supports shared libraries
configure:8436: result: yes
configure:8473: checking whether -lc should be explicitly linked in
configure:8478: gcc -c -g -O2  conftest.c >&5
configure:8481: $? = 0
configure:8496: gcc -shared conftest.o  -v -Wl,-soname -Wl,conftest -o conftest 2\>\&1 \| /bin/grep  -lc  \>/dev/null 2\>\&1
configure:8499: $? = 0
configure:8511: result: no
configure:8675: checking dynamic linker characteristics
configure:9110: gcc -o conftest -g -O2   -Wl,-rpath -Wl,/foo conftest.c  >&5
configure:9110: $? = 0
configure:9328: result: GNU/Linux ld.so
configure:9430: checking how to hardcode library paths into programs
configure:9455: result: immediate
configure:9975: checking whether stripping libraries is possible
configure:9980: result: yes
configure:10015: checking if libtool supports shared libraries
configure:10017: result: yes
configure:10020: checking whether to build shared libraries
configure:10041: result: yes
configure:10044: checking whether to build static libraries
configure:10048: result: yes
configure:10112: checking for a BSD-compatible install
configure:10180: result: /usr/bin/install -c
configure:10191: checking whether build environment is sane
configure:10241: result: yes
configure:10382: checking for a thread-safe mkdir -p
configure:10421: result: /bin/mkdir -p
configure:10434: checking for gawk
configure:10464: result: no
configure:10434: checking for mawk
configure:10450: found /usr/bin/mawk
configure:10461: result: mawk
configure:10472: checking whether make sets $(MAKE)
configure:10494: result: yes
configure:10524: checking for style of include used by make
configure:10552: result: GNU
configure:10638: checking dependency style of gcc
configure:10749: result: gcc3
configure:10815: checking for gcc
configure:10842: result: gcc
configure:11071: checking for C compiler version
configure:11080: gcc --version >&5
gcc (Ubuntu/Linaro 4.6.3-1ubuntu5) 4.6.3
Copyright (C) 2011 Free Software Foundation, Inc.
This is free software; see the source for copying conditions.  There is NO
warranty; not even for MERCHANTABILITY or FITNESS FOR A PARTICULAR PURPOSE.

configure:11091: $? = 0
configure:11080: gcc -v >&5
Using built-in specs.
COLLECT_GCC=gcc
COLLECT_LTO_WRAPPER=/usr/lib/gcc/x86_64-linux-gnu/4.6/lto-wrapper
Target: x86_64-linux-gnu
Configured with: ../src/configure -v --with-pkgversion='Ubuntu/Linaro 4.6.3-1ubuntu5' --with-bugurl=file:///usr/share/doc/gcc-4.6/README.Bugs --enable-languages=c,c++,fortran,objc,obj-c++ --prefix=/usr --program-suffix=-4.6 --enable-shared --enable-linker-build-id --with-system-zlib --libexecdir=/usr/lib --without-included-gettext --enable-threads=posix --with-gxx-include-dir=/usr/include/c++/4.6 --libdir=/usr/lib --enable-nls --with-sysroot=/ --enable-clocale=gnu --enable-libstdcxx-debug --enable-libstdcxx-time=yes --enable-gnu-unique-object --enable-plugin --enable-objc-gc --disable-werror --with-arch-32=i686 --with-tune=generic --enable-checking=release --build=x86_64-linux-gnu --host=x86_64-linux-gnu --target=x86_64-linux-gnu
Thread model: posix
gcc version 4.6.3 (Ubuntu/Linaro 4.6.3-1ubuntu5) 
configure:11091: $? = 0
configure:11080: gcc -V >&5
gcc: error: unrecognized option '-V'
gcc: fatal error: no input files
compilation terminated.
configure:11091: $? = 4
configure:11080: gcc -qversion >&5
gcc: error: unrecognized option '-qversion'
gcc: fatal error: no input files
compilation terminated.
configure:11091: $? = 4
configure:11095: checking whether we are using the GNU C compiler
configure:11123: result: yes
configure:11132: checking whether gcc accepts -g
configure:11193: result: yes
configure:11210: checking for gcc option to accept ISO C89
configure:11287: result: none needed
configure:11308: checking whether make sets $(MAKE)
configure:11330: result: yes
configure:11348: checking for windres
configure:11378: result: no
configure:11348: checking for linux-gnu-windres
configure:11378: result: no
configure:11391: checking for size_t
configure:11391: gcc -c -g -O2  conftest.c >&5
configure:11391: $? = 0
configure:11391: gcc -c -g -O2  conftest.c >&5
conftest.c: In function 'main':
conftest.c:59:21: error: expected expression before ')' token
configure:11391: $? = 1
configure: failed program was:
| /* confdefs.h */
| #define PACKAGE_NAME ""
| #define PACKAGE_TARNAME ""
| #define PACKAGE_VERSION ""
| #define PACKAGE_STRING ""
| #define PACKAGE_BUGREPORT ""
| #define PACKAGE_URL ""
| #define STDC_HEADERS 1
| #define HAVE_SYS_TYPES_H 1
| #define HAVE_SYS_STAT_H 1
| #define HAVE_STDLIB_H 1
| #define HAVE_STRING_H 1
| #define HAVE_MEMORY_H 1
| #define HAVE_STRINGS_H 1
| #define HAVE_INTTYPES_H 1
| #define HAVE_STDINT_H 1
| #define HAVE_UNISTD_H 1
| #define HAVE_DLFCN_H 1
| #define LT_OBJDIR ".libs/"
| #define PACKAGE "SDL2_ttf"
| #define VERSION "2.0.12"
| /* end confdefs.h.  */
| #include <stdio.h>
| #ifdef HAVE_SYS_TYPES_H
| # include <sys/types.h>
| #endif
| #ifdef HAVE_SYS_STAT_H
| # include <sys/stat.h>
| #endif
| #ifdef STDC_HEADERS
| # include <stdlib.h>
| # include <stddef.h>
| #else
| # ifdef HAVE_STDLIB_H
| #  include <stdlib.h>
| # endif
| #endif
| #ifdef HAVE_STRING_H
| # if !defined STDC_HEADERS && defined HAVE_MEMORY_H
| #  include <memory.h>
| # endif
| # include <string.h>
| #endif
| #ifdef HAVE_STRINGS_H
| # include <strings.h>
| #endif
| #ifdef HAVE_INTTYPES_H
| # include <inttypes.h>
| #endif
| #ifdef HAVE_STDINT_H
| # include <stdint.h>
| #endif
| #ifdef HAVE_UNISTD_H
| # include <unistd.h>
| #endif
| int
| main ()
| {
| if (sizeof ((size_t)))
| 	    return 0;
|   ;
|   return 0;
| }
configure:11391: result: yes
configure:11404: checking for working alloca.h
configure:11421: gcc -o conftest -g -O2   conftest.c  >&5
configure:11421: $? = 0
configure:11429: result: yes
configure:11437: checking for alloca
configure:11474: gcc -o conftest -g -O2   conftest.c  >&5
configure:11474: $? = 0
configure:11482: result: yes
configure:11654: checking for freetype-config
configure:11672: found /usr/bin/freetype-config
configure:11685: result: /usr/bin/freetype-config
configure:11754: checking for pkg-config
configure:11772: found /usr/bin/pkg-config
configure:11784: result: /usr/bin/pkg-config
configure:11809: checking pkg-config is at least version 0.9.0
configure:11812: result: yes
configure:11850: checking for SDL
configure:11858: $PKG_CONFIG --exists --print-errors "sdl2 >= $min_sdl_version"
configure:11861: $? = 0
configure:11876: $PKG_CONFIG --exists --print-errors "sdl2 >= $min_sdl_version"
configure:11879: $? = 0
configure:11915: result: yes
configure:12186: checking for X
configure:12294: gcc -E  conftest.c
configure:12294: $? = 0
configure:12325: gcc -o conftest -g -O2 -I/usr/include/freetype2 -D_REENTRANT -I/usr/local/include/SDL2     conftest.c -lX11  -L/usr/lib/x86_64-linux-gnu -lfreetype -lz -Wl,-rpath,/usr/local/lib -L/usr/local/lib -lSDL2 -lpthread   >&5
configure:12325: $? = 0
configure:12375: result: libraries , headers 
configure:12474: gcc -o conftest -g -O2 -I/usr/include/freetype2 -D_REENTRANT -I/usr/local/include/SDL2     conftest.c  -L/usr/lib/x86_64-linux-gnu -lfreetype -lz -Wl,-rpath,/usr/local/lib -L/usr/local/lib -lSDL2 -lpthread    -lX11 >&5
configure:12474: $? = 0
configure:12572: checking for gethostbyname
configure:12572: gcc -o conftest -g -O2 -I/usr/include/freetype2 -D_REENTRANT -I/usr/local/include/SDL2     conftest.c  -L/usr/lib/x86_64-linux-gnu -lfreetype -lz -Wl,-rpath,/usr/local/lib -L/usr/local/lib -lSDL2 -lpthread   >&5
configure:12572: $? = 0
configure:12572: result: yes
configure:12669: checking for connect
configure:12669: gcc -o conftest -g -O2 -I/usr/include/freetype2 -D_REENTRANT -I/usr/local/include/SDL2     conftest.c  -L/usr/lib/x86_64-linux-gnu -lfreetype -lz -Wl,-rpath,/usr/local/lib -L/usr/local/lib -lSDL2 -lpthread   >&5
configure:12669: $? = 0
configure:12669: result: yes
configure:12718: checking for remove
configure:12718: gcc -o conftest -g -O2 -I/usr/include/freetype2 -D_REENTRANT -I/usr/local/include/SDL2     conftest.c  -L/usr/lib/x86_64-linux-gnu -lfreetype -lz -Wl,-rpath,/usr/local/lib -L/usr/local/lib -lSDL2 -lpthread   >&5
configure:12718: $? = 0
configure:12718: result: yes
configure:12767: checking for shmat
configure:12767: gcc -o conftest -g -O2 -I/usr/include/freetype2 -D_REENTRANT -I/usr/local/include/SDL2     conftest.c  -L/usr/lib/x86_64-linux-gnu -lfreetype -lz -Wl,-rpath,/usr/local/lib -L/usr/local/lib -lSDL2 -lpthread   >&5
configure:12767: $? = 0
configure:12767: result: yes
configure:12825: checking for IceConnectionNumber in -lICE
configure:12850: gcc -o conftest -g -O2 -I/usr/include/freetype2 -D_REENTRANT -I/usr/local/include/SDL2     conftest.c -lICE   -L/usr/lib/x86_64-linux-gnu -lfreetype -lz -Wl,-rpath,/usr/local/lib -L/usr/local/lib -lSDL2 -lpthread   >&5
configure:12850: $? = 0
configure:12859: result: yes
configure:12877: checking for OpenGL support
configure:12895: gcc -c -g -O2 -I/usr/include/freetype2 -D_REENTRANT -I/usr/local/include/SDL2     conftest.c >&5
configure:12895: $? = 0
configure:12901: result: yes
configure:13086: creating ./config.status

## ---------------------- ##
## Running config.status. ##
## ---------------------- ##

This file was extended by config.status, which was
generated by GNU Autoconf 2.68.  Invocation command line was

  CONFIG_FILES    = 
  CONFIG_HEADERS  = 
  CONFIG_LINKS    = 
  CONFIG_COMMANDS = 
  $ ./config.status 

on Ladis-Desktop

config.status:1026: creating Makefile
config.status:1026: creating SDL2_ttf.spec
config.status:1026: creating SDL2_ttf.pc
config.status:1198: executing libtool commands
config.status:1198: executing depfiles commands

## ---------------- ##
## Cache variables. ##
## ---------------- ##

ac_cv_build=x86_64-unknown-linux-gnu
ac_cv_c_compiler_gnu=yes
ac_cv_env_CC_set=
ac_cv_env_CC_value=
ac_cv_env_CFLAGS_set=
ac_cv_env_CFLAGS_value=
ac_cv_env_CPPFLAGS_set=
ac_cv_env_CPPFLAGS_value=
ac_cv_env_CPP_set=
ac_cv_env_CPP_value=
ac_cv_env_LDFLAGS_set=
ac_cv_env_LDFLAGS_value=
ac_cv_env_LIBS_set=
ac_cv_env_LIBS_value=
ac_cv_env_PKG_CONFIG_set=
ac_cv_env_PKG_CONFIG_value=
ac_cv_env_SDL_CFLAGS_set=
ac_cv_env_SDL_CFLAGS_value=
ac_cv_env_SDL_LIBS_set=
ac_cv_env_SDL_LIBS_value=
ac_cv_env_XMKMF_set=
ac_cv_env_XMKMF_value=
ac_cv_env_build_alias_set=
ac_cv_env_build_alias_value=
ac_cv_env_host_alias_set=
ac_cv_env_host_alias_value=
ac_cv_env_target_alias_set=
ac_cv_env_target_alias_value=
ac_cv_func_alloca_works=yes
ac_cv_func_connect=yes
ac_cv_func_gethostbyname=yes
ac_cv_func_remove=yes
ac_cv_func_shmat=yes
ac_cv_have_x='have_x=yes	ac_x_includes='\'''\''	ac_x_libraries='\'''\'''
ac_cv_header_dlfcn_h=yes
ac_cv_header_inttypes_h=yes
ac_cv_header_memory_h=yes
ac_cv_header_stdc=yes
ac_cv_header_stdint_h=yes
ac_cv_header_stdlib_h=yes
ac_cv_header_string_h=yes
ac_cv_header_strings_h=yes
ac_cv_header_sys_stat_h=yes
ac_cv_header_sys_types_h=yes
ac_cv_header_unistd_h=yes
ac_cv_host=x86_64-unknown-linux-gnu
ac_cv_lib_ICE_IceConnectionNumber=yes
ac_cv_objext=o
ac_cv_path_EGREP='/bin/grep -E'
ac_cv_path_FGREP='/bin/grep -F'
ac_cv_path_FREETYPE_CONFIG=/usr/bin/freetype-config
ac_cv_path_GREP=/bin/grep
ac_cv_path_SED=/bin/sed
ac_cv_path_ac_pt_PKG_CONFIG=/usr/bin/pkg-config
ac_cv_path_install='/usr/bin/install -c'
ac_cv_path_mkdir=/bin/mkdir
ac_cv_prog_AWK=mawk
ac_cv_prog_CPP='gcc -E'
ac_cv_prog_ac_ct_AR=ar
ac_cv_prog_ac_ct_CC=gcc
ac_cv_prog_ac_ct_OBJDUMP=objdump
ac_cv_prog_ac_ct_RANLIB=ranlib
ac_cv_prog_ac_ct_STRIP=strip
ac_cv_prog_cc_c89=
ac_cv_prog_cc_g=yes
ac_cv_prog_make_make_set=yes
ac_cv_type_size_t=yes
ac_cv_working_alloca_h=yes
am_cv_CC_dependencies_compiler_type=gcc3
lt_cv_deplibs_check_method=pass_all
lt_cv_file_magic_cmd='$MAGIC_CMD'
lt_cv_file_magic_test_file=
lt_cv_ld_reload_flag=-r
lt_cv_nm_interface='BSD nm'
lt_cv_objdir=.libs
lt_cv_path_LD=/usr/bin/ld
lt_cv_path_NM='/usr/bin/nm -B'
lt_cv_prog_compiler_c_o=yes
lt_cv_prog_compiler_pic_works=yes
lt_cv_prog_compiler_rtti_exceptions=no
lt_cv_prog_compiler_static_works=yes
lt_cv_prog_gnu_ld=yes
lt_cv_sys_global_symbol_pipe='sed -n -e '\''s/^.*[	 ]\([ABCDGIRSTW][ABCDGIRSTW]*\)[	 ][	 ]*\([_A-Za-z][_A-Za-z0-9]*\)$/\1 \2 \2/p'\'''
lt_cv_sys_global_symbol_to_c_name_address='sed -n -e '\''s/^: \([^ ]*\) $/  {\"\1\", (void *) 0},/p'\'' -e '\''s/^[ABCDGIRSTW]* \([^ ]*\) \([^ ]*\)$/  {"\2", (void *) \&\2},/p'\'''
lt_cv_sys_global_symbol_to_c_name_address_lib_prefix='sed -n -e '\''s/^: \([^ ]*\) $/  {\"\1\", (void *) 0},/p'\'' -e '\''s/^[ABCDGIRSTW]* \([^ ]*\) \(lib[^ ]*\)$/  {"\2", (void *) \&\2},/p'\'' -e '\''s/^[ABCDGIRSTW]* \([^ ]*\) \([^ ]*\)$/  {"lib\2", (void *) \&\2},/p'\'''
lt_cv_sys_global_symbol_to_cdecl='sed -n -e '\''s/^T .* \(.*\)$/extern int \1();/p'\'' -e '\''s/^[ABCDGIRSTW]* .* \(.*\)$/extern char \1;/p'\'''
lt_cv_sys_max_cmd_len=1572864
pkg_cv_SDL_CFLAGS='-D_REENTRANT -I/usr/local/include/SDL2  '
pkg_cv_SDL_LIBS='-Wl,-rpath,/usr/local/lib -L/usr/local/lib -lSDL2 -lpthread  '

## ----------------- ##
## Output variables. ##
## ----------------- ##

ACLOCAL='${SHELL} /home/ladis/Projects/Poles/platforms/linux/SDL2_ttf-2.0.12/missing --run aclocal-1.11'
ALLOCA=''
AMDEPBACKSLASH='\'
AMDEP_FALSE='#'
AMDEP_TRUE=''
AMTAR='$${TAR-tar}'
AR='ar'
AS='as'
AUTOCONF='${SHELL} /home/ladis/Projects/Poles/platforms/linux/SDL2_ttf-2.0.12/missing --run autoconf'
AUTOHEADER='${SHELL} /home/ladis/Projects/Poles/platforms/linux/SDL2_ttf-2.0.12/missing --run autoheader'
AUTOMAKE='${SHELL} /home/ladis/Projects/Poles/platforms/linux/SDL2_ttf-2.0.12/missing --run automake-1.11'
AWK='mawk'
BINARY_AGE='12'
CC='gcc'
CCDEPMODE='depmode=gcc3'
CFLAGS='-g -O2 -I/usr/include/freetype2 -D_REENTRANT -I/usr/local/include/SDL2    -DHAVE_OPENGL'
CPP='gcc -E'
CPPFLAGS=''
CYGPATH_W='echo'
DEFS='-DPACKAGE_NAME=\"\" -DPACKAGE_TARNAME=\"\" -DPACKAGE_VERSION=\"\" -DPACKAGE_STRING=\"\" -DPACKAGE_BUGREPORT=\"\" -DPACKAGE_URL=\"\" -DSTDC_HEADERS=1 -DHAVE_SYS_TYPES_H=1 -DHAVE_SYS_STAT_H=1 -DHAVE_STDLIB_H=1 -DHAVE_STRING_H=1 -DHAVE_MEMORY_H=1 -DHAVE_STRINGS_H=1 -DHAVE_INTTYPES_H=1 -DHAVE_STDINT_H=1 -DHAVE_UNISTD_H=1 -DHAVE_DLFCN_H=1 -DLT_OBJDIR=\".libs/\" -DPACKAGE=\"SDL2_ttf\" -DVERSION=\"2.0.12\" -DHAVE_ALLOCA_H=1 -DHAVE_ALLOCA=1'
DEPDIR='.deps'
DLLTOOL='dlltool'
DSYMUTIL=''
DUMPBIN=''
ECHO_C=''
ECHO_N='-n'
ECHO_T=''
EGREP='/bin/grep -E'
EXEEXT=''
FGREP='/bin/grep -F'
FREETYPE_CONFIG='/usr/bin/freetype-config'
GL_LIBS=' -lGL'
GREP='/bin/grep'
INSTALL_DATA='${INSTALL} -m 644'
INSTALL_PROGRAM='${INSTALL}'
INSTALL_SCRIPT='${INSTALL}'
INSTALL_STRIP_PROGRAM='$(install_sh) -c -s'
INTERFACE_AGE='2'
LD='/usr/bin/ld -m elf_x86_64'
LDFLAGS=''
LIBOBJS=''
LIBS=' -L/usr/lib/x86_64-linux-gnu -lfreetype -lz -Wl,-rpath,/usr/local/lib -L/usr/local/lib -lSDL2 -lpthread  '
LIBTOOL='$(SHELL) $(top_builddir)/libtool'
LIPO=''
LN_S='ln -s'
LTLIBOBJS=''
LT_AGE='10'
LT_CURRENT='10'
LT_RELEASE='2.0'
LT_REVISION='2'
MAJOR_VERSION='2'
MAKEINFO='${SHELL} /home/ladis/Projects/Poles/platforms/linux/SDL2_ttf-2.0.12/missing --run makeinfo'
MATHLIB='-lm'
MICRO_VERSION='12'
MINOR_VERSION='0'
MKDIR_P='/bin/mkdir -p'
NM='/usr/bin/nm -B'
NMEDIT=''
OBJDUMP='objdump'
OBJEXT='o'
OTOOL64=''
OTOOL=''
PACKAGE='SDL2_ttf'
PACKAGE_BUGREPORT=''
PACKAGE_NAME=''
PACKAGE_STRING=''
PACKAGE_TARNAME=''
PACKAGE_URL=''
PACKAGE_VERSION=''
PATH_SEPARATOR=':'
PKG_CONFIG='/usr/bin/pkg-config'
RANLIB='ranlib'
SDL2_CONFIG='pkg-config sdl2'
SDL_CFLAGS='-D_REENTRANT -I/usr/local/include/SDL2  '
SDL_LIBS='-Wl,-rpath,/usr/local/lib -L/usr/local/lib -lSDL2 -lpthread  '
SDL_VERSION='2.0.0'
SED='/bin/sed'
SET_MAKE=''
SHELL='/bin/bash'
STRIP='strip'
USE_VERSION_RC_FALSE=''
USE_VERSION_RC_TRUE='#'
VERSION='2.0.12'
WINDRES=''
XMKMF=''
X_CFLAGS=''
X_EXTRA_LIBS=''
X_LIBS=''
X_PRE_LIBS=' -lSM -lICE'
ac_ct_CC='gcc'
ac_ct_DUMPBIN=''
am__EXEEXT_FALSE=''
am__EXEEXT_TRUE='#'
am__fastdepCC_FALSE='#'
am__fastdepCC_TRUE=''
am__include='include'
am__isrc=''
am__leading_dot='.'
am__nodep='_no'
am__quote=''
am__tar='$${TAR-tar} chof - "$$tardir"'
am__untar='$${TAR-tar} xf -'
bindir='${exec_prefix}/bin'
build='x86_64-unknown-linux-gnu'
build_alias=''
build_cpu='x86_64'
build_os='linux-gnu'
build_vendor='unknown'
datadir='${datarootdir}'
datarootdir='${prefix}/share'
docdir='${datarootdir}/doc/${PACKAGE}'
dvidir='${docdir}'
exec_prefix='${prefix}'
host='x86_64-unknown-linux-gnu'
host_alias=''
host_cpu='x86_64'
host_os='linux-gnu'
host_vendor='unknown'
htmldir='${docdir}'
includedir='${prefix}/include'
infodir='${datarootdir}/info'
install_sh='${SHELL} /home/ladis/Projects/Poles/platforms/linux/SDL2_ttf-2.0.12/install-sh'
libdir='${exec_prefix}/lib'
libexecdir='${exec_prefix}/libexec'
localedir='${datarootdir}/locale'
localstatedir='${prefix}/var'
lt_ECHO='echo'
mandir='${datarootdir}/man'
mkdir_p='/bin/mkdir -p'
oldincludedir='/usr/include'
pdfdir='${docdir}'
prefix='/usr/local'
program_transform_name='s,x,x,'
psdir='${docdir}'
sbindir='${exec_prefix}/sbin'
sharedstatedir='${prefix}/com'
sysconfdir='${prefix}/etc'
target_alias=''

## ----------- ##
## confdefs.h. ##
## ----------- ##

/* confdefs.h */
#define PACKAGE_NAME ""
#define PACKAGE_TARNAME ""
#define PACKAGE_VERSION ""
#define PACKAGE_STRING ""
#define PACKAGE_BUGREPORT ""
#define PACKAGE_URL ""
#define STDC_HEADERS 1
#define HAVE_SYS_TYPES_H 1
#define HAVE_SYS_STAT_H 1
#define HAVE_STDLIB_H 1
#define HAVE_STRING_H 1
#define HAVE_MEMORY_H 1
#define HAVE_STRINGS_H 1
#define HAVE_INTTYPES_H 1
#define HAVE_STDINT_H 1
#define HAVE_UNISTD_H 1
#define HAVE_DLFCN_H 1
#define LT_OBJDIR ".libs/"
#define PACKAGE "SDL2_ttf"
#define VERSION "2.0.12"
#define HAVE_ALLOCA_H 1
#define HAVE_ALLOCA 1

configure: exit 0
