Build started 18/06/2013 21:32:28.
     1>Project "D:\Projects\Poles\platforms\windows\Poles\Poles\Poles.vcxproj" on node 2 (Build target(s)).
     1>ClCompile:
         C:\Program Files (x86)\Microsoft Visual Studio 11.0\VC\bin\CL.exe /c /ZI /nologo /W3 /WX- /Od /Oy- /D _MBCS /Gm /EHsc /RTC1 /MD /GS /fp:precise /Zc:wchar_t /Zc:forScope /Fo"Debug\\" /Fd"Debug\vc110.pdb" /Gd /TP /analyze- /errorReport:prompt ..\..\..\..\src\core\Circle.cpp
         Circle.cpp
     1>d:\projects\poles\src\core\vector2d.h(24): warning C4244: '=' : conversion from 'int' to 'float', possible loss of data
     1>d:\projects\poles\src\core\vector2d.h(25): warning C4244: '=' : conversion from 'int' to 'float', possible loss of data
     1>d:\projects\poles\src\core\circle.h(17): warning C4244: 'argument' : conversion from 'float' to 'int', possible loss of data
     1>d:\projects\poles\src\core\circle.cpp(35): warning C4244: 'argument' : conversion from 'const float' to 'int', possible loss of data
     1>d:\projects\poles\src\core\circle.cpp(36): warning C4244: 'argument' : conversion from 'const float' to 'int', possible loss of data
     1>d:\projects\poles\src\core\circle.cpp(53): warning C4244: 'initializing' : conversion from 'float' to 'int', possible loss of data
     1>d:\projects\poles\src\core\circle.cpp(72): warning C4244: 'argument' : conversion from 'float' to 'int', possible loss of data
     1>d:\projects\poles\src\core\circle.cpp(83): warning C4244: 'argument' : conversion from 'float' to 'int', possible loss of data
     1>d:\projects\poles\src\core\circle.cpp(120): warning C4244: '=' : conversion from 'float' to 'int', possible loss of data
     1>d:\projects\poles\src\core\circle.cpp(121): warning C4244: '=' : conversion from 'float' to 'int', possible loss of data
     1>d:\projects\poles\src\core\circle.cpp(122): warning C4244: '=' : conversion from 'float' to 'int', possible loss of data
     1>d:\projects\poles\src\core\circle.cpp(123): warning C4244: '=' : conversion from 'float' to 'int', possible loss of data
       Link:
         C:\Program Files (x86)\Microsoft Visual Studio 11.0\VC\bin\link.exe /ERRORREPORT:PROMPT /OUT:"D:\Projects\Poles\platforms\windows\Poles\Debug\Poles.exe" /INCREMENTAL /NOLOGO SDL2.lib SDL2main.lib kernel32.lib user32.lib gdi32.lib winspool.lib comdlg32.lib advapi32.lib shell32.lib ole32.lib oleaut32.lib uuid.lib odbc32.lib odbccp32.lib /MANIFEST /MANIFESTUAC:"level='asInvoker' uiAccess='false'" /manifest:embed /DEBUG /PDB:"D:\Projects\Poles\platforms\windows\Poles\Debug\Poles.pdb" /SUBSYSTEM:WINDOWS /TLBID:1 /DYNAMICBASE /NXCOMPAT /IMPLIB:"D:\Projects\Poles\platforms\windows\Poles\Debug\Poles.lib" /MACHINE:X86 Debug\Circle.obj
         Debug\Color.obj
         Debug\Line.obj
         Debug\ResourcesManager.obj
         Debug\Vector2D.obj
         Debug\Game.obj
         Debug\GameStateManager.obj
         Debug\main.obj
         Poles.vcxproj -> D:\Projects\Poles\platforms\windows\Poles\Debug\Poles.exe
     1>Done Building Project "D:\Projects\Poles\platforms\windows\Poles\Poles\Poles.vcxproj" (Build target(s)).

Build succeeded.

Time Elapsed 00:00:00.82
