This file contains any messages produced by compilers while
running configure, to aid debugging if configure makes a mistake.

It was created by configure, which was
generated by GNU Autoconf 2.68.  Invocation command line was

  $ ./configure 

## --------- ##
## Platform. ##
## --------- ##

hostname = Ladis-Desktop
uname -m = x86_64
uname -r = 3.8.0-30-generic
uname -s = Linux
uname -v = #44~precise1-Ubuntu SMP Fri Aug 23 18:32:41 UTC 2013

/usr/bin/uname -p = unknown
/bin/uname -X     = unknown

/bin/arch              = unknown
/usr/bin/arch -k       = unknown
/usr/convex/getsysinfo = unknown
/usr/bin/hostinfo      = unknown
/bin/machine           = unknown
/usr/bin/oslevel       = unknown
/bin/universe          = unknown

PATH: /usr/local/sbin
PATH: /usr/local/bin
PATH: /usr/sbin
PATH: /usr/bin
PATH: /sbin
PATH: /bin


## ----------- ##
## Core tests. ##
## ----------- ##

configure:2520: checking build system type
configure:2534: result: x86_64-unknown-linux-gnu
configure:2554: checking host system type
configure:2567: result: x86_64-unknown-linux-gnu
configure:2635: checking for gcc
configure:2651: found /usr/bin/gcc
configure:2662: result: gcc
configure:2891: checking for C compiler version
configure:2900: gcc --version >&5
gcc (Ubuntu/Linaro 4.6.3-1ubuntu5) 4.6.3
Copyright (C) 2011 Free Software Foundation, Inc.
This is free software; see the source for copying conditions.  There is NO
warranty; not even for MERCHANTABILITY or FITNESS FOR A PARTICULAR PURPOSE.

configure:2911: $? = 0
configure:2900: gcc -v >&5
Using built-in specs.
COLLECT_GCC=gcc
COLLECT_LTO_WRAPPER=/usr/lib/gcc/x86_64-linux-gnu/4.6/lto-wrapper
Target: x86_64-linux-gnu
Configured with: ../src/configure -v --with-pkgversion='Ubuntu/Linaro 4.6.3-1ubuntu5' --with-bugurl=file:///usr/share/doc/gcc-4.6/README.Bugs --enable-languages=c,c++,fortran,objc,obj-c++ --prefix=/usr --program-suffix=-4.6 --enable-shared --enable-linker-build-id --with-system-zlib --libexecdir=/usr/lib --without-included-gettext --enable-threads=posix --with-gxx-include-dir=/usr/include/c++/4.6 --libdir=/usr/lib --enable-nls --with-sysroot=/ --enable-clocale=gnu --enable-libstdcxx-debug --enable-libstdcxx-time=yes --enable-gnu-unique-object --enable-plugin --enable-objc-gc --disable-werror --with-arch-32=i686 --with-tune=generic --enable-checking=release --build=x86_64-linux-gnu --host=x86_64-linux-gnu --target=x86_64-linux-gnu
Thread model: posix
gcc version 4.6.3 (Ubuntu/Linaro 4.6.3-1ubuntu5) 
configure:2911: $? = 0
configure:2900: gcc -V >&5
gcc: error: unrecognized option '-V'
gcc: fatal error: no input files
compilation terminated.
configure:2911: $? = 4
configure:2900: gcc -qversion >&5
gcc: error: unrecognized option '-qversion'
gcc: fatal error: no input files
compilation terminated.
configure:2911: $? = 4
configure:2931: checking whether the C compiler works
configure:2953: gcc    conftest.c  >&5
configure:2957: $? = 0
configure:3005: result: yes
configure:3008: checking for C compiler default output file name
configure:3010: result: a.out
configure:3016: checking for suffix of executables
configure:3023: gcc -o conftest    conftest.c  >&5
configure:3027: $? = 0
configure:3049: result: 
configure:3071: checking whether we are cross compiling
configure:3079: gcc -o conftest    conftest.c  >&5
configure:3083: $? = 0
configure:3090: ./conftest
configure:3094: $? = 0
configure:3109: result: no
configure:3114: checking for suffix of object files
configure:3136: gcc -c   conftest.c >&5
configure:3140: $? = 0
configure:3161: result: o
configure:3165: checking whether we are using the GNU C compiler
configure:3184: gcc -c   conftest.c >&5
configure:3184: $? = 0
configure:3193: result: yes
configure:3202: checking whether gcc accepts -g
configure:3222: gcc -c -g  conftest.c >&5
configure:3222: $? = 0
configure:3263: result: yes
configure:3280: checking for gcc option to accept ISO C89
configure:3344: gcc  -c -g -O2  conftest.c >&5
configure:3344: $? = 0
configure:3357: result: none needed
configure:3377: checking for a sed that does not truncate output
configure:3441: result: /bin/sed
configure:3459: checking for grep that handles long lines and -e
configure:3517: result: /bin/grep
configure:3522: checking for egrep
configure:3584: result: /bin/grep -E
configure:3589: checking for fgrep
configure:3651: result: /bin/grep -F
configure:3686: checking for ld used by gcc
configure:3753: result: /usr/bin/ld
configure:3760: checking if the linker (/usr/bin/ld) is GNU ld
configure:3775: result: yes
configure:3787: checking for BSD- or MS-compatible name lister (nm)
configure:3836: result: /usr/bin/nm -B
configure:3954: checking the name lister (/usr/bin/nm -B) interface
configure:3961: gcc -c -g -O2  conftest.c >&5
configure:3964: /usr/bin/nm -B "conftest.o"
configure:3967: output
0000000000000000 B some_variable
configure:3974: result: BSD nm
configure:3977: checking whether ln -s works
configure:3981: result: yes
configure:3989: checking the maximum length of command line arguments
configure:4115: result: 1572864
configure:4132: checking whether the shell understands some XSI constructs
configure:4142: result: yes
configure:4146: checking whether the shell understands "+="
configure:4152: result: yes
configure:4187: checking for /usr/bin/ld option to reload object files
configure:4194: result: -r
configure:4263: checking for objdump
configure:4279: found /usr/bin/objdump
configure:4290: result: objdump
configure:4319: checking how to recognize dependent libraries
configure:4517: result: pass_all
configure:4577: checking for ar
configure:4593: found /usr/bin/ar
configure:4604: result: ar
configure:4682: checking for strip
configure:4698: found /usr/bin/strip
configure:4709: result: strip
configure:4781: checking for ranlib
configure:4797: found /usr/bin/ranlib
configure:4808: result: ranlib
configure:4898: checking command to parse /usr/bin/nm -B output from gcc object
configure:5016: gcc -c -g -O2  conftest.c >&5
configure:5019: $? = 0
configure:5023: /usr/bin/nm -B conftest.o \| sed -n -e 's/^.*[	 ]\([ABCDGIRSTW][ABCDGIRSTW]*\)[	 ][	 ]*\([_A-Za-z][_A-Za-z0-9]*\)$/\1 \2 \2/p' \> conftest.nm
configure:5026: $? = 0
configure:5080: gcc -o conftest -g -O2   conftest.c conftstm.o >&5
configure:5083: $? = 0
configure:5121: result: ok
configure:5217: gcc -c -g -O2  conftest.c >&5
configure:5220: $? = 0
configure:5930: checking how to run the C preprocessor
configure:5961: gcc -E  conftest.c
configure:5961: $? = 0
configure:5975: gcc -E  conftest.c
conftest.c:9:28: fatal error: ac_nonexistent.h: No such file or directory
compilation terminated.
configure:5975: $? = 1
configure: failed program was:
| /* confdefs.h */
| #define PACKAGE_NAME ""
| #define PACKAGE_TARNAME ""
| #define PACKAGE_VERSION ""
| #define PACKAGE_STRING ""
| #define PACKAGE_BUGREPORT ""
| #define PACKAGE_URL ""
| /* end confdefs.h.  */
| #include <ac_nonexistent.h>
configure:6000: result: gcc -E
configure:6020: gcc -E  conftest.c
configure:6020: $? = 0
configure:6034: gcc -E  conftest.c
conftest.c:9:28: fatal error: ac_nonexistent.h: No such file or directory
compilation terminated.
configure:6034: $? = 1
configure: failed program was:
| /* confdefs.h */
| #define PACKAGE_NAME ""
| #define PACKAGE_TARNAME ""
| #define PACKAGE_VERSION ""
| #define PACKAGE_STRING ""
| #define PACKAGE_BUGREPORT ""
| #define PACKAGE_URL ""
| /* end confdefs.h.  */
| #include <ac_nonexistent.h>
configure:6063: checking for ANSI C header files
configure:6083: gcc -c -g -O2  conftest.c >&5
configure:6083: $? = 0
configure:6156: gcc -o conftest -g -O2   conftest.c  >&5
configure:6156: $? = 0
configure:6156: ./conftest
configure:6156: $? = 0
configure:6167: result: yes
configure:6180: checking for sys/types.h
configure:6180: gcc -c -g -O2  conftest.c >&5
configure:6180: $? = 0
configure:6180: result: yes
configure:6180: checking for sys/stat.h
configure:6180: gcc -c -g -O2  conftest.c >&5
configure:6180: $? = 0
configure:6180: result: yes
configure:6180: checking for stdlib.h
configure:6180: gcc -c -g -O2  conftest.c >&5
configure:6180: $? = 0
configure:6180: result: yes
configure:6180: checking for string.h
configure:6180: gcc -c -g -O2  conftest.c >&5
configure:6180: $? = 0
configure:6180: result: yes
configure:6180: checking for memory.h
configure:6180: gcc -c -g -O2  conftest.c >&5
configure:6180: $? = 0
configure:6180: result: yes
configure:6180: checking for strings.h
configure:6180: gcc -c -g -O2  conftest.c >&5
configure:6180: $? = 0
configure:6180: result: yes
configure:6180: checking for inttypes.h
configure:6180: gcc -c -g -O2  conftest.c >&5
configure:6180: $? = 0
configure:6180: result: yes
configure:6180: checking for stdint.h
configure:6180: gcc -c -g -O2  conftest.c >&5
configure:6180: $? = 0
configure:6180: result: yes
configure:6180: checking for unistd.h
configure:6180: gcc -c -g -O2  conftest.c >&5
configure:6180: $? = 0
configure:6180: result: yes
configure:6194: checking for dlfcn.h
configure:6194: gcc -c -g -O2  conftest.c >&5
configure:6194: $? = 0
configure:6194: result: yes
configure:6676: checking for objdir
configure:6691: result: .libs
configure:6987: checking if gcc supports -fno-rtti -fno-exceptions
configure:7005: gcc -c -g -O2  -fno-rtti -fno-exceptions conftest.c >&5
cc1: warning: command line option '-fno-rtti' is valid for C++/ObjC++ but not for C [enabled by default]
configure:7009: $? = 0
configure:7022: result: no
configure:7042: checking for gcc option to produce PIC
configure:7314: result: -fPIC -DPIC
configure:7326: checking if gcc PIC flag -fPIC -DPIC works
configure:7344: gcc -c -g -O2  -fPIC -DPIC -DPIC conftest.c >&5
configure:7348: $? = 0
configure:7361: result: yes
configure:7385: checking if gcc static flag -static works
configure:7413: result: yes
configure:7428: checking if gcc supports -c -o file.o
configure:7449: gcc -c -g -O2  -o out/conftest2.o conftest.c >&5
configure:7453: $? = 0
configure:7475: result: yes
configure:7483: checking if gcc supports -c -o file.o
configure:7530: result: yes
configure:7563: checking whether the gcc linker (/usr/bin/ld -m elf_x86_64) supports shared libraries
configure:8549: result: yes
configure:8586: checking whether -lc should be explicitly linked in
configure:8591: gcc -c -g -O2  conftest.c >&5
configure:8594: $? = 0
configure:8609: gcc -shared conftest.o  -v -Wl,-soname -Wl,conftest -o conftest 2\>\&1 \| /bin/grep  -lc  \>/dev/null 2\>\&1
configure:8612: $? = 0
configure:8624: result: no
configure:8788: checking dynamic linker characteristics
configure:9223: gcc -o conftest -g -O2   -Wl,-rpath -Wl,/foo conftest.c  >&5
configure:9223: $? = 0
configure:9441: result: GNU/Linux ld.so
configure:9543: checking how to hardcode library paths into programs
configure:9568: result: immediate
configure:10088: checking whether stripping libraries is possible
configure:10093: result: yes
configure:10128: checking if libtool supports shared libraries
configure:10130: result: yes
configure:10133: checking whether to build shared libraries
configure:10154: result: yes
configure:10157: checking whether to build static libraries
configure:10161: result: yes
configure:10225: checking for a BSD-compatible install
configure:10293: result: /usr/bin/install -c
configure:10304: checking whether build environment is sane
configure:10354: result: yes
configure:10495: checking for a thread-safe mkdir -p
configure:10534: result: /bin/mkdir -p
configure:10547: checking for gawk
configure:10577: result: no
configure:10547: checking for mawk
configure:10563: found /usr/bin/mawk
configure:10574: result: mawk
configure:10585: checking whether make sets $(MAKE)
configure:10607: result: yes
configure:10637: checking for style of include used by make
configure:10665: result: GNU
configure:10751: checking dependency style of gcc
configure:10862: result: gcc3
configure:10928: checking for gcc
configure:10955: result: gcc
configure:11184: checking for C compiler version
configure:11193: gcc --version >&5
gcc (Ubuntu/Linaro 4.6.3-1ubuntu5) 4.6.3
Copyright (C) 2011 Free Software Foundation, Inc.
This is free software; see the source for copying conditions.  There is NO
warranty; not even for MERCHANTABILITY or FITNESS FOR A PARTICULAR PURPOSE.

configure:11204: $? = 0
configure:11193: gcc -v >&5
Using built-in specs.
COLLECT_GCC=gcc
COLLECT_LTO_WRAPPER=/usr/lib/gcc/x86_64-linux-gnu/4.6/lto-wrapper
Target: x86_64-linux-gnu
Configured with: ../src/configure -v --with-pkgversion='Ubuntu/Linaro 4.6.3-1ubuntu5' --with-bugurl=file:///usr/share/doc/gcc-4.6/README.Bugs --enable-languages=c,c++,fortran,objc,obj-c++ --prefix=/usr --program-suffix=-4.6 --enable-shared --enable-linker-build-id --with-system-zlib --libexecdir=/usr/lib --without-included-gettext --enable-threads=posix --with-gxx-include-dir=/usr/include/c++/4.6 --libdir=/usr/lib --enable-nls --with-sysroot=/ --enable-clocale=gnu --enable-libstdcxx-debug --enable-libstdcxx-time=yes --enable-gnu-unique-object --enable-plugin --enable-objc-gc --disable-werror --with-arch-32=i686 --with-tune=generic --enable-checking=release --build=x86_64-linux-gnu --host=x86_64-linux-gnu --target=x86_64-linux-gnu
Thread model: posix
gcc version 4.6.3 (Ubuntu/Linaro 4.6.3-1ubuntu5) 
configure:11204: $? = 0
configure:11193: gcc -V >&5
gcc: error: unrecognized option '-V'
gcc: fatal error: no input files
compilation terminated.
configure:11204: $? = 4
configure:11193: gcc -qversion >&5
gcc: error: unrecognized option '-qversion'
gcc: fatal error: no input files
compilation terminated.
configure:11204: $? = 4
configure:11208: checking whether we are using the GNU C compiler
configure:11236: result: yes
configure:11245: checking whether gcc accepts -g
configure:11306: result: yes
configure:11323: checking for gcc option to accept ISO C89
configure:11400: result: none needed
configure:11474: checking for gcc
configure:11490: found /usr/bin/gcc
configure:11501: result: gcc
configure:11526: checking for Objective C compiler version
configure:11535: gcc --version >&5
gcc (Ubuntu/Linaro 4.6.3-1ubuntu5) 4.6.3
Copyright (C) 2011 Free Software Foundation, Inc.
This is free software; see the source for copying conditions.  There is NO
warranty; not even for MERCHANTABILITY or FITNESS FOR A PARTICULAR PURPOSE.

configure:11546: $? = 0
configure:11535: gcc -v >&5
Using built-in specs.
COLLECT_GCC=gcc
COLLECT_LTO_WRAPPER=/usr/lib/gcc/x86_64-linux-gnu/4.6/lto-wrapper
Target: x86_64-linux-gnu
Configured with: ../src/configure -v --with-pkgversion='Ubuntu/Linaro 4.6.3-1ubuntu5' --with-bugurl=file:///usr/share/doc/gcc-4.6/README.Bugs --enable-languages=c,c++,fortran,objc,obj-c++ --prefix=/usr --program-suffix=-4.6 --enable-shared --enable-linker-build-id --with-system-zlib --libexecdir=/usr/lib --without-included-gettext --enable-threads=posix --with-gxx-include-dir=/usr/include/c++/4.6 --libdir=/usr/lib --enable-nls --with-sysroot=/ --enable-clocale=gnu --enable-libstdcxx-debug --enable-libstdcxx-time=yes --enable-gnu-unique-object --enable-plugin --enable-objc-gc --disable-werror --with-arch-32=i686 --with-tune=generic --enable-checking=release --build=x86_64-linux-gnu --host=x86_64-linux-gnu --target=x86_64-linux-gnu
Thread model: posix
gcc version 4.6.3 (Ubuntu/Linaro 4.6.3-1ubuntu5) 
configure:11546: $? = 0
configure:11535: gcc -V >&5
gcc: error: unrecognized option '-V'
gcc: fatal error: no input files
compilation terminated.
configure:11546: $? = 4
configure:11535: gcc -qversion >&5
gcc: error: unrecognized option '-qversion'
gcc: fatal error: no input files
compilation terminated.
configure:11546: $? = 4
configure:11550: checking whether we are using the GNU Objective C compiler
configure:11569: gcc -c   conftest.m >&5
gcc: error trying to exec 'cc1obj': execvp: No such file or directory
configure:11569: $? = 1
configure: failed program was:
| /* confdefs.h */
| #define PACKAGE_NAME ""
| #define PACKAGE_TARNAME ""
| #define PACKAGE_VERSION ""
| #define PACKAGE_STRING ""
| #define PACKAGE_BUGREPORT ""
| #define PACKAGE_URL ""
| #define STDC_HEADERS 1
| #define HAVE_SYS_TYPES_H 1
| #define HAVE_SYS_STAT_H 1
| #define HAVE_STDLIB_H 1
| #define HAVE_STRING_H 1
| #define HAVE_MEMORY_H 1
| #define HAVE_STRINGS_H 1
| #define HAVE_INTTYPES_H 1
| #define HAVE_STDINT_H 1
| #define HAVE_UNISTD_H 1
| #define HAVE_DLFCN_H 1
| #define LT_OBJDIR ".libs/"
| #define PACKAGE "SDL2_image"
| #define VERSION "2.0.0"
| /* end confdefs.h.  */
| 
| int
| main ()
| {
| #ifndef __GNUC__
|        choke me
| #endif
| 
|   ;
|   return 0;
| }
configure:11578: result: no
configure:11587: checking whether gcc accepts -g
configure:11607: gcc -c -g  conftest.m >&5
gcc: error trying to exec 'cc1obj': execvp: No such file or directory
configure:11607: $? = 1
configure: failed program was:
| /* confdefs.h */
| #define PACKAGE_NAME ""
| #define PACKAGE_TARNAME ""
| #define PACKAGE_VERSION ""
| #define PACKAGE_STRING ""
| #define PACKAGE_BUGREPORT ""
| #define PACKAGE_URL ""
| #define STDC_HEADERS 1
| #define HAVE_SYS_TYPES_H 1
| #define HAVE_SYS_STAT_H 1
| #define HAVE_STDLIB_H 1
| #define HAVE_STRING_H 1
| #define HAVE_MEMORY_H 1
| #define HAVE_STRINGS_H 1
| #define HAVE_INTTYPES_H 1
| #define HAVE_STDINT_H 1
| #define HAVE_UNISTD_H 1
| #define HAVE_DLFCN_H 1
| #define LT_OBJDIR ".libs/"
| #define PACKAGE "SDL2_image"
| #define VERSION "2.0.0"
| /* end confdefs.h.  */
| 
| int
| main ()
| {
| 
|   ;
|   return 0;
| }
configure:11622: gcc -c   conftest.m >&5
gcc: error trying to exec 'cc1obj': execvp: No such file or directory
configure:11622: $? = 1
configure: failed program was:
| /* confdefs.h */
| #define PACKAGE_NAME ""
| #define PACKAGE_TARNAME ""
| #define PACKAGE_VERSION ""
| #define PACKAGE_STRING ""
| #define PACKAGE_BUGREPORT ""
| #define PACKAGE_URL ""
| #define STDC_HEADERS 1
| #define HAVE_SYS_TYPES_H 1
| #define HAVE_SYS_STAT_H 1
| #define HAVE_STDLIB_H 1
| #define HAVE_STRING_H 1
| #define HAVE_MEMORY_H 1
| #define HAVE_STRINGS_H 1
| #define HAVE_INTTYPES_H 1
| #define HAVE_STDINT_H 1
| #define HAVE_UNISTD_H 1
| #define HAVE_DLFCN_H 1
| #define LT_OBJDIR ".libs/"
| #define PACKAGE "SDL2_image"
| #define VERSION "2.0.0"
| /* end confdefs.h.  */
| 
| int
| main ()
| {
| 
|   ;
|   return 0;
| }
configure:11638: gcc -c -g  conftest.m >&5
gcc: error trying to exec 'cc1obj': execvp: No such file or directory
configure:11638: $? = 1
configure: failed program was:
| /* confdefs.h */
| #define PACKAGE_NAME ""
| #define PACKAGE_TARNAME ""
| #define PACKAGE_VERSION ""
| #define PACKAGE_STRING ""
| #define PACKAGE_BUGREPORT ""
| #define PACKAGE_URL ""
| #define STDC_HEADERS 1
| #define HAVE_SYS_TYPES_H 1
| #define HAVE_SYS_STAT_H 1
| #define HAVE_STDLIB_H 1
| #define HAVE_STRING_H 1
| #define HAVE_MEMORY_H 1
| #define HAVE_STRINGS_H 1
| #define HAVE_INTTYPES_H 1
| #define HAVE_STDINT_H 1
| #define HAVE_UNISTD_H 1
| #define HAVE_DLFCN_H 1
| #define LT_OBJDIR ".libs/"
| #define PACKAGE "SDL2_image"
| #define VERSION "2.0.0"
| /* end confdefs.h.  */
| 
| int
| main ()
| {
| 
|   ;
|   return 0;
| }
configure:11648: result: no
configure:11673: checking dependency style of gcc
configure:11782: result: gcc3
configure:11797: checking for inline
configure:11813: gcc -c -g -O2  conftest.c >&5
configure:11813: $? = 0
configure:11821: result: inline
configure:11840: checking whether make sets $(MAKE)
configure:11862: result: yes
configure:11880: checking for windres
configure:11910: result: no
configure:11880: checking for linux-gnu-windres
configure:11910: result: no
configure:12041: checking for pkg-config
configure:12059: found /usr/bin/pkg-config
configure:12071: result: /usr/bin/pkg-config
configure:12096: checking pkg-config is at least version 0.9.0
configure:12099: result: yes
configure:12137: checking for SDL
configure:12145: $PKG_CONFIG --exists --print-errors "sdl2 >= $min_sdl_version"
configure:12148: $? = 0
configure:12163: $PKG_CONFIG --exists --print-errors "sdl2 >= $min_sdl_version"
configure:12166: $? = 0
configure:12202: result: yes
configure:12573: checking for ImageIO support
configure:12575: result: 
configure:12579: checking jpeglib.h usability
configure:12579: gcc -c -g -O2 -D_REENTRANT -I/usr/local/include/SDL2    conftest.c >&5
configure:12579: $? = 0
configure:12579: result: yes
configure:12579: checking jpeglib.h presence
configure:12579: gcc -E  conftest.c
configure:12579: $? = 0
configure:12579: result: yes
configure:12579: checking for jpeglib.h
configure:12579: result: yes
configure:12585: checking for jpeg_CreateDecompress in -ljpeg
configure:12610: gcc -o conftest -g -O2 -D_REENTRANT -I/usr/local/include/SDL2     conftest.c -ljpeg   -Wl,-rpath,/usr/local/lib -L/usr/local/lib -lSDL2 -lpthread   >&5
configure:12610: $? = 0
configure:12619: result: yes
configure:12657: checking for LIBPNG
configure:12665: $PKG_CONFIG --exists --print-errors "libpng"
configure:12668: $? = 0
configure:12683: $PKG_CONFIG --exists --print-errors "libpng"
configure:12686: $? = 0
configure:12814: result: yes
configure:12848: checking tiffio.h usability
configure:12848: gcc -c -I/usr/include/libpng12   -g -O2 -D_REENTRANT -I/usr/local/include/SDL2    conftest.c >&5
configure:12848: $? = 0
configure:12848: result: yes
configure:12848: checking tiffio.h presence
configure:12848: gcc -E  conftest.c
configure:12848: $? = 0
configure:12848: result: yes
configure:12848: checking for tiffio.h
configure:12848: result: yes
configure:12854: checking for TIFFClientOpen in -ltiff
configure:12879: gcc -o conftest -I/usr/include/libpng12   -g -O2 -D_REENTRANT -I/usr/local/include/SDL2     conftest.c -ltiff -lz -ljpeg  -Wl,-rpath,/usr/local/lib -L/usr/local/lib -lSDL2 -lpthread   >&5
configure:12879: $? = 0
configure:12888: result: yes
configure:12923: checking for LIBWEBP
configure:12931: $PKG_CONFIG --exists --print-errors "libwebp"
Package libwebp was not found in the pkg-config search path.
Perhaps you should add the directory containing `libwebp.pc'
to the PKG_CONFIG_PATH environment variable
No package 'libwebp' found
configure:12934: $? = 1
configure:12949: $PKG_CONFIG --exists --print-errors "libwebp"
Package libwebp was not found in the pkg-config search path.
Perhaps you should add the directory containing `libwebp.pc'
to the PKG_CONFIG_PATH environment variable
No package 'libwebp' found
configure:12952: $? = 1
No package 'libwebp' found
configure:12980: result: no
configure:12982: checking webp/decode.h usability
configure:12982: gcc -c -I/usr/include/libpng12   -g -O2 -D_REENTRANT -I/usr/local/include/SDL2    conftest.c >&5
configure:12982: $? = 0
configure:12982: result: yes
configure:12982: checking webp/decode.h presence
configure:12982: gcc -E  conftest.c
configure:12982: $? = 0
configure:12982: result: yes
configure:12982: checking for webp/decode.h
configure:12982: result: yes
configure:12988: checking for WebPGetDecoderVersion in -lwebp
configure:13013: gcc -o conftest -I/usr/include/libpng12   -g -O2 -D_REENTRANT -I/usr/local/include/SDL2     conftest.c -lwebp -lm -ljpeg  -Wl,-rpath,/usr/local/lib -L/usr/local/lib -lSDL2 -lpthread   >&5
configure:13013: $? = 0
configure:13022: result: yes
configure:13396: creating ./config.status

## ---------------------- ##
## Running config.status. ##
## ---------------------- ##

This file was extended by config.status, which was
generated by GNU Autoconf 2.68.  Invocation command line was

  CONFIG_FILES    = 
  CONFIG_HEADERS  = 
  CONFIG_LINKS    = 
  CONFIG_COMMANDS = 
  $ ./config.status 

on Ladis-Desktop

config.status:1032: creating Makefile
config.status:1032: creating SDL2_image.spec
config.status:1032: creating SDL2_image.pc
config.status:1204: executing libtool commands
config.status:1204: executing depfiles commands

## ---------------- ##
## Cache variables. ##
## ---------------- ##

ac_cv_build=x86_64-unknown-linux-gnu
ac_cv_c_compiler_gnu=yes
ac_cv_c_inline=inline
ac_cv_env_CC_set=
ac_cv_env_CC_value=
ac_cv_env_CFLAGS_set=
ac_cv_env_CFLAGS_value=
ac_cv_env_CPPFLAGS_set=
ac_cv_env_CPPFLAGS_value=
ac_cv_env_CPP_set=
ac_cv_env_CPP_value=
ac_cv_env_LDFLAGS_set=
ac_cv_env_LDFLAGS_value=
ac_cv_env_LIBPNG_CFLAGS_set=
ac_cv_env_LIBPNG_CFLAGS_value=
ac_cv_env_LIBPNG_LIBS_set=
ac_cv_env_LIBPNG_LIBS_value=
ac_cv_env_LIBS_set=
ac_cv_env_LIBS_value=
ac_cv_env_LIBWEBP_CFLAGS_set=
ac_cv_env_LIBWEBP_CFLAGS_value=
ac_cv_env_LIBWEBP_LIBS_set=
ac_cv_env_LIBWEBP_LIBS_value=
ac_cv_env_OBJCFLAGS_set=
ac_cv_env_OBJCFLAGS_value=
ac_cv_env_OBJC_set=
ac_cv_env_OBJC_value=
ac_cv_env_PKG_CONFIG_set=
ac_cv_env_PKG_CONFIG_value=
ac_cv_env_SDL_CFLAGS_set=
ac_cv_env_SDL_CFLAGS_value=
ac_cv_env_SDL_LIBS_set=
ac_cv_env_SDL_LIBS_value=
ac_cv_env_build_alias_set=
ac_cv_env_build_alias_value=
ac_cv_env_host_alias_set=
ac_cv_env_host_alias_value=
ac_cv_env_target_alias_set=
ac_cv_env_target_alias_value=
ac_cv_header_dlfcn_h=yes
ac_cv_header_inttypes_h=yes
ac_cv_header_jpeglib_h=yes
ac_cv_header_memory_h=yes
ac_cv_header_stdc=yes
ac_cv_header_stdint_h=yes
ac_cv_header_stdlib_h=yes
ac_cv_header_string_h=yes
ac_cv_header_strings_h=yes
ac_cv_header_sys_stat_h=yes
ac_cv_header_sys_types_h=yes
ac_cv_header_tiffio_h=yes
ac_cv_header_unistd_h=yes
ac_cv_header_webp_decode_h=yes
ac_cv_host=x86_64-unknown-linux-gnu
ac_cv_lib_jpeg_jpeg_CreateDecompress=yes
ac_cv_lib_tiff_TIFFClientOpen=yes
ac_cv_lib_webp_WebPGetDecoderVersion=yes
ac_cv_objc_compiler_gnu=no
ac_cv_objext=o
ac_cv_path_EGREP='/bin/grep -E'
ac_cv_path_FGREP='/bin/grep -F'
ac_cv_path_GREP=/bin/grep
ac_cv_path_SED=/bin/sed
ac_cv_path_ac_pt_PKG_CONFIG=/usr/bin/pkg-config
ac_cv_path_install='/usr/bin/install -c'
ac_cv_path_mkdir=/bin/mkdir
ac_cv_prog_AWK=mawk
ac_cv_prog_CPP='gcc -E'
ac_cv_prog_ac_ct_AR=ar
ac_cv_prog_ac_ct_CC=gcc
ac_cv_prog_ac_ct_OBJC=gcc
ac_cv_prog_ac_ct_OBJDUMP=objdump
ac_cv_prog_ac_ct_RANLIB=ranlib
ac_cv_prog_ac_ct_STRIP=strip
ac_cv_prog_cc_c89=
ac_cv_prog_cc_g=yes
ac_cv_prog_make_make_set=yes
ac_cv_prog_objc_g=no
am_cv_CC_dependencies_compiler_type=gcc3
am_cv_OBJC_dependencies_compiler_type=gcc3
lt_cv_deplibs_check_method=pass_all
lt_cv_file_magic_cmd='$MAGIC_CMD'
lt_cv_file_magic_test_file=
lt_cv_ld_reload_flag=-r
lt_cv_nm_interface='BSD nm'
lt_cv_objdir=.libs
lt_cv_path_LD=/usr/bin/ld
lt_cv_path_NM='/usr/bin/nm -B'
lt_cv_prog_compiler_c_o=yes
lt_cv_prog_compiler_pic_works=yes
lt_cv_prog_compiler_rtti_exceptions=no
lt_cv_prog_compiler_static_works=yes
lt_cv_prog_gnu_ld=yes
lt_cv_sys_global_symbol_pipe='sed -n -e '\''s/^.*[	 ]\([ABCDGIRSTW][ABCDGIRSTW]*\)[	 ][	 ]*\([_A-Za-z][_A-Za-z0-9]*\)$/\1 \2 \2/p'\'''
lt_cv_sys_global_symbol_to_c_name_address='sed -n -e '\''s/^: \([^ ]*\) $/  {\"\1\", (void *) 0},/p'\'' -e '\''s/^[ABCDGIRSTW]* \([^ ]*\) \([^ ]*\)$/  {"\2", (void *) \&\2},/p'\'''
lt_cv_sys_global_symbol_to_c_name_address_lib_prefix='sed -n -e '\''s/^: \([^ ]*\) $/  {\"\1\", (void *) 0},/p'\'' -e '\''s/^[ABCDGIRSTW]* \([^ ]*\) \(lib[^ ]*\)$/  {"\2", (void *) \&\2},/p'\'' -e '\''s/^[ABCDGIRSTW]* \([^ ]*\) \([^ ]*\)$/  {"lib\2", (void *) \&\2},/p'\'''
lt_cv_sys_global_symbol_to_cdecl='sed -n -e '\''s/^T .* \(.*\)$/extern int \1();/p'\'' -e '\''s/^[ABCDGIRSTW]* .* \(.*\)$/extern char \1;/p'\'''
lt_cv_sys_max_cmd_len=1572864
pkg_cv_LIBPNG_CFLAGS='-I/usr/include/libpng12  '
pkg_cv_LIBPNG_LIBS='-lpng12  '
pkg_cv_SDL_CFLAGS='-D_REENTRANT -I/usr/local/include/SDL2  '
pkg_cv_SDL_LIBS='-Wl,-rpath,/usr/local/lib -L/usr/local/lib -lSDL2 -lpthread  '

## ----------------- ##
## Output variables. ##
## ----------------- ##

ACLOCAL='${SHELL} /home/ladis/Projects/Poles/platforms/linux/SDL2_image-2.0.0/missing --run aclocal-1.11'
AMDEPBACKSLASH='\'
AMDEP_FALSE='#'
AMDEP_TRUE=''
AMTAR='$${TAR-tar}'
AR='ar'
AS='as'
AUTOCONF='${SHELL} /home/ladis/Projects/Poles/platforms/linux/SDL2_image-2.0.0/missing --run autoconf'
AUTOHEADER='${SHELL} /home/ladis/Projects/Poles/platforms/linux/SDL2_image-2.0.0/missing --run autoheader'
AUTOMAKE='${SHELL} /home/ladis/Projects/Poles/platforms/linux/SDL2_image-2.0.0/missing --run automake-1.11'
AWK='mawk'
BINARY_AGE='0'
CC='gcc'
CCDEPMODE='depmode=gcc3'
CFLAGS='-I/usr/include/libpng12   -g -O2 -D_REENTRANT -I/usr/local/include/SDL2  '
CPP='gcc -E'
CPPFLAGS=''
CYGPATH_W='echo'
DEFS='-DPACKAGE_NAME=\"\" -DPACKAGE_TARNAME=\"\" -DPACKAGE_VERSION=\"\" -DPACKAGE_STRING=\"\" -DPACKAGE_BUGREPORT=\"\" -DPACKAGE_URL=\"\" -DSTDC_HEADERS=1 -DHAVE_SYS_TYPES_H=1 -DHAVE_SYS_STAT_H=1 -DHAVE_STDLIB_H=1 -DHAVE_STRING_H=1 -DHAVE_MEMORY_H=1 -DHAVE_STRINGS_H=1 -DHAVE_INTTYPES_H=1 -DHAVE_STDINT_H=1 -DHAVE_UNISTD_H=1 -DHAVE_DLFCN_H=1 -DLT_OBJDIR=\".libs/\" -DPACKAGE=\"SDL2_image\" -DVERSION=\"2.0.0\" -DLOAD_JPG=1 -DLOAD_PNG=1 -DLOAD_TIF=1 -DLOAD_WEBP=1 -DLOAD_BMP=1 -DLOAD_GIF=1 -DLOAD_LBM=1 -DLOAD_PCX=1 -DLOAD_PNM=1 -DLOAD_TGA=1 -DLOAD_XCF=1 -DLOAD_XPM=1 -DLOAD_XV=1 -DLOAD_WEBP_DYNAMIC=\"libwebp.so.2\" -DLOAD_TIF_DYNAMIC=\"libtiff.so.4\" -DLOAD_JPG_DYNAMIC=\"libjpeg.so.8\" -DLOAD_PNG_DYNAMIC=\"libpng12.so.0\"'
DEPDIR='.deps'
DLLTOOL='dlltool'
DSYMUTIL=''
DUMPBIN=''
ECHO_C=''
ECHO_N='-n'
ECHO_T=''
EGREP='/bin/grep -E'
EXEEXT=''
FGREP='/bin/grep -F'
GREP='/bin/grep'
IMG_LIBS=''
INSTALL_DATA='${INSTALL} -m 644'
INSTALL_PROGRAM='${INSTALL}'
INSTALL_SCRIPT='${INSTALL}'
INSTALL_STRIP_PROGRAM='$(install_sh) -c -s'
INTERFACE_AGE='0'
LD='/usr/bin/ld -m elf_x86_64'
LDFLAGS=''
LIBOBJS=''
LIBPNG_CFLAGS='-I/usr/include/libpng12  '
LIBPNG_LIBS='-lpng12  '
LIBS=' -Wl,-rpath,/usr/local/lib -L/usr/local/lib -lSDL2 -lpthread  '
LIBTOOL='$(SHELL) $(top_builddir)/libtool'
LIBWEBP_CFLAGS=''
LIBWEBP_LIBS=''
LIPO=''
LN_S='ln -s'
LTLIBOBJS=''
LT_AGE='0'
LT_CURRENT='0'
LT_RELEASE='2.0'
LT_REVISION='0'
MAJOR_VERSION='2'
MAKEINFO='${SHELL} /home/ladis/Projects/Poles/platforms/linux/SDL2_image-2.0.0/missing --run makeinfo'
MICRO_VERSION='0'
MINOR_VERSION='0'
MKDIR_P='/bin/mkdir -p'
NM='/usr/bin/nm -B'
NMEDIT=''
OBJC='gcc'
OBJCDEPMODE='depmode=gcc3'
OBJCFLAGS='-I/usr/include/libpng12   -g -O2 -D_REENTRANT -I/usr/local/include/SDL2  '
OBJDUMP='objdump'
OBJEXT='o'
OTOOL64=''
OTOOL=''
PACKAGE='SDL2_image'
PACKAGE_BUGREPORT=''
PACKAGE_NAME=''
PACKAGE_STRING=''
PACKAGE_TARNAME=''
PACKAGE_URL=''
PACKAGE_VERSION=''
PATH_SEPARATOR=':'
PKG_CONFIG='/usr/bin/pkg-config'
RANLIB='ranlib'
SDL2_CONFIG='pkg-config sdl2'
SDL_CFLAGS='-D_REENTRANT -I/usr/local/include/SDL2  '
SDL_LIBS='-Wl,-rpath,/usr/local/lib -L/usr/local/lib -lSDL2 -lpthread  '
SDL_VERSION='2.0.0'
SED='/bin/sed'
SET_MAKE=''
SHELL='/bin/bash'
STRIP='strip'
USE_IMAGEIO_FALSE=''
USE_IMAGEIO_TRUE='#'
USE_VERSION_RC_FALSE=''
USE_VERSION_RC_TRUE='#'
VERSION='2.0.0'
WINDRES=''
ac_ct_CC='gcc'
ac_ct_DUMPBIN=''
ac_ct_OBJC='gcc'
am__EXEEXT_FALSE=''
am__EXEEXT_TRUE='#'
am__fastdepCC_FALSE='#'
am__fastdepCC_TRUE=''
am__fastdepOBJC_FALSE='#'
am__fastdepOBJC_TRUE=''
am__include='include'
am__isrc=''
am__leading_dot='.'
am__nodep='_no'
am__quote=''
am__tar='$${TAR-tar} chof - "$$tardir"'
am__untar='$${TAR-tar} xf -'
bindir='${exec_prefix}/bin'
build='x86_64-unknown-linux-gnu'
build_alias=''
build_cpu='x86_64'
build_os='linux-gnu'
build_vendor='unknown'
datadir='${datarootdir}'
datarootdir='${prefix}/share'
docdir='${datarootdir}/doc/${PACKAGE}'
dvidir='${docdir}'
exec_prefix='${prefix}'
host='x86_64-unknown-linux-gnu'
host_alias=''
host_cpu='x86_64'
host_os='linux-gnu'
host_vendor='unknown'
htmldir='${docdir}'
includedir='${prefix}/include'
infodir='${datarootdir}/info'
install_sh='${SHELL} /home/ladis/Projects/Poles/platforms/linux/SDL2_image-2.0.0/install-sh'
libdir='${exec_prefix}/lib'
libexecdir='${exec_prefix}/libexec'
localedir='${datarootdir}/locale'
localstatedir='${prefix}/var'
lt_ECHO='echo'
mandir='${datarootdir}/man'
mkdir_p='/bin/mkdir -p'
oldincludedir='/usr/include'
pdfdir='${docdir}'
prefix='/usr/local'
program_transform_name='s,x,x,'
psdir='${docdir}'
sbindir='${exec_prefix}/sbin'
sharedstatedir='${prefix}/com'
sysconfdir='${prefix}/etc'
target_alias=''

## ----------- ##
## confdefs.h. ##
## ----------- ##

/* confdefs.h */
#define PACKAGE_NAME ""
#define PACKAGE_TARNAME ""
#define PACKAGE_VERSION ""
#define PACKAGE_STRING ""
#define PACKAGE_BUGREPORT ""
#define PACKAGE_URL ""
#define STDC_HEADERS 1
#define HAVE_SYS_TYPES_H 1
#define HAVE_SYS_STAT_H 1
#define HAVE_STDLIB_H 1
#define HAVE_STRING_H 1
#define HAVE_MEMORY_H 1
#define HAVE_STRINGS_H 1
#define HAVE_INTTYPES_H 1
#define HAVE_STDINT_H 1
#define HAVE_UNISTD_H 1
#define HAVE_DLFCN_H 1
#define LT_OBJDIR ".libs/"
#define PACKAGE "SDL2_image"
#define VERSION "2.0.0"
#define LOAD_JPG 1
#define LOAD_PNG 1
#define LOAD_TIF 1
#define LOAD_WEBP 1
#define LOAD_BMP 1
#define LOAD_GIF 1
#define LOAD_LBM 1
#define LOAD_PCX 1
#define LOAD_PNM 1
#define LOAD_TGA 1
#define LOAD_XCF 1
#define LOAD_XPM 1
#define LOAD_XV 1
#define LOAD_WEBP_DYNAMIC "libwebp.so.2"
#define LOAD_TIF_DYNAMIC "libtiff.so.4"
#define LOAD_JPG_DYNAMIC "libjpeg.so.8"
#define LOAD_PNG_DYNAMIC "libpng12.so.0"

configure: exit 0
